2024-02-07 10:36:42,342:WARNING:/Users/juanviatela/anaconda3/lib/python3.11/site-packages/transformers/utils/generic.py:260: UserWarning: torch.utils._pytree._register_pytree_node is deprecated. Please use torch.utils._pytree.register_pytree_node instead.
  torch.utils._pytree._register_pytree_node(

2024-02-07 10:48:48,382:WARNING:/Users/juanviatela/anaconda3/lib/python3.11/site-packages/transformers/tokenization_utils_base.py:2418: FutureWarning: The `pad_to_max_length` argument is deprecated and will be removed in a future version, use `padding=True` or `padding='longest'` to pad to the longest sequence in the batch, or use `padding='max_length'` to pad to a max length. In this case, you can give a specific length with `max_length` (e.g. `max_length=45`) or leave max_length to None to pad to the maximal input size of the model (e.g. 512 for Bert).
  warnings.warn(

2024-02-07 11:34:09,521:WARNING:/Users/juanviatela/anaconda3/lib/python3.11/site-packages/transformers/optimization.py:411: FutureWarning: This implementation of AdamW is deprecated and will be removed in a future version. Use the PyTorch implementation torch.optim.AdamW instead, or set `no_deprecation_warning=True` to disable this warning
  warnings.warn(

2024-02-07 13:27:15,942:WARNING:/Users/juanviatela/anaconda3/lib/python3.11/site-packages/transformers/utils/generic.py:260: UserWarning: torch.utils._pytree._register_pytree_node is deprecated. Please use torch.utils._pytree.register_pytree_node instead.
  torch.utils._pytree._register_pytree_node(

2024-02-07 13:27:43,884:WARNING:/Users/juanviatela/anaconda3/lib/python3.11/site-packages/transformers/tokenization_utils_base.py:2418: FutureWarning: The `pad_to_max_length` argument is deprecated and will be removed in a future version, use `padding=True` or `padding='longest'` to pad to the longest sequence in the batch, or use `padding='max_length'` to pad to a max length. In this case, you can give a specific length with `max_length` (e.g. `max_length=45`) or leave max_length to None to pad to the maximal input size of the model (e.g. 512 for Bert).
  warnings.warn(

2024-02-07 13:28:44,314:WARNING:/Users/juanviatela/anaconda3/lib/python3.11/site-packages/transformers/optimization.py:411: FutureWarning: This implementation of AdamW is deprecated and will be removed in a future version. Use the PyTorch implementation torch.optim.AdamW instead, or set `no_deprecation_warning=True` to disable this warning
  warnings.warn(

2024-02-07 15:18:25,156:WARNING:/Users/juanviatela/anaconda3/lib/python3.10/site-packages/transformers/tokenization_utils_base.py:2304: FutureWarning: The `pad_to_max_length` argument is deprecated and will be removed in a future version, use `padding=True` or `padding='longest'` to pad to the longest sequence in the batch, or use `padding='max_length'` to pad to a max length. In this case, you can give a specific length with `max_length` (e.g. `max_length=45`) or leave max_length to None to pad to the maximal input size of the model (e.g. 512 for Bert).
  warnings.warn(

2024-02-07 15:18:38,023:WARNING:/Users/juanviatela/anaconda3/lib/python3.10/site-packages/transformers/optimization.py:306: FutureWarning: This implementation of AdamW is deprecated and will be removed in a future version. Use the PyTorch implementation torch.optim.AdamW instead, or set `no_deprecation_warning=True` to disable this warning
  warnings.warn(

2024-02-07 17:54:16,661:WARNING:/Users/juanviatela/anaconda3/lib/python3.10/site-packages/transformers/tokenization_utils_base.py:2304: FutureWarning: The `pad_to_max_length` argument is deprecated and will be removed in a future version, use `padding=True` or `padding='longest'` to pad to the longest sequence in the batch, or use `padding='max_length'` to pad to a max length. In this case, you can give a specific length with `max_length` (e.g. `max_length=45`) or leave max_length to None to pad to the maximal input size of the model (e.g. 512 for Bert).
  warnings.warn(

2024-02-08 10:45:07,552:WARNING:/Users/juanviatela/anaconda3/lib/python3.10/site-packages/transformers/tokenization_utils_base.py:2304: FutureWarning: The `pad_to_max_length` argument is deprecated and will be removed in a future version, use `padding=True` or `padding='longest'` to pad to the longest sequence in the batch, or use `padding='max_length'` to pad to a max length. In this case, you can give a specific length with `max_length` (e.g. `max_length=45`) or leave max_length to None to pad to the maximal input size of the model (e.g. 512 for Bert).
  warnings.warn(

2024-02-08 13:23:11,940:WARNING:/Users/juanviatela/anaconda3/lib/python3.10/site-packages/transformers/optimization.py:306: FutureWarning: This implementation of AdamW is deprecated and will be removed in a future version. Use the PyTorch implementation torch.optim.AdamW instead, or set `no_deprecation_warning=True` to disable this warning
  warnings.warn(

2024-02-08 13:33:24,689:WARNING:/Users/juanviatela/anaconda3/lib/python3.10/site-packages/transformers/tokenization_utils_base.py:2304: FutureWarning: The `pad_to_max_length` argument is deprecated and will be removed in a future version, use `padding=True` or `padding='longest'` to pad to the longest sequence in the batch, or use `padding='max_length'` to pad to a max length. In this case, you can give a specific length with `max_length` (e.g. `max_length=45`) or leave max_length to None to pad to the maximal input size of the model (e.g. 512 for Bert).
  warnings.warn(

2024-02-08 13:33:37,780:WARNING:/Users/juanviatela/anaconda3/lib/python3.10/site-packages/transformers/optimization.py:306: FutureWarning: This implementation of AdamW is deprecated and will be removed in a future version. Use the PyTorch implementation torch.optim.AdamW instead, or set `no_deprecation_warning=True` to disable this warning
  warnings.warn(

2024-02-08 13:41:05,635:WARNING:/Users/juanviatela/anaconda3/lib/python3.10/site-packages/transformers/tokenization_utils_base.py:2304: FutureWarning: The `pad_to_max_length` argument is deprecated and will be removed in a future version, use `padding=True` or `padding='longest'` to pad to the longest sequence in the batch, or use `padding='max_length'` to pad to a max length. In this case, you can give a specific length with `max_length` (e.g. `max_length=45`) or leave max_length to None to pad to the maximal input size of the model (e.g. 512 for Bert).
  warnings.warn(

2024-02-08 13:46:50,145:WARNING:/Users/juanviatela/anaconda3/lib/python3.10/site-packages/transformers/tokenization_utils_base.py:2304: FutureWarning: The `pad_to_max_length` argument is deprecated and will be removed in a future version, use `padding=True` or `padding='longest'` to pad to the longest sequence in the batch, or use `padding='max_length'` to pad to a max length. In this case, you can give a specific length with `max_length` (e.g. `max_length=45`) or leave max_length to None to pad to the maximal input size of the model (e.g. 512 for Bert).
  warnings.warn(

2024-02-08 17:32:18,364:WARNING:/Users/juanviatela/anaconda3/lib/python3.10/site-packages/transformers/tokenization_utils_base.py:2304: FutureWarning: The `pad_to_max_length` argument is deprecated and will be removed in a future version, use `padding=True` or `padding='longest'` to pad to the longest sequence in the batch, or use `padding='max_length'` to pad to a max length. In this case, you can give a specific length with `max_length` (e.g. `max_length=45`) or leave max_length to None to pad to the maximal input size of the model (e.g. 512 for Bert).
  warnings.warn(

2024-02-12 10:37:43,548:WARNING:/Users/juanviatela/anaconda3/lib/python3.10/site-packages/transformers/tokenization_utils_base.py:2304: FutureWarning: The `pad_to_max_length` argument is deprecated and will be removed in a future version, use `padding=True` or `padding='longest'` to pad to the longest sequence in the batch, or use `padding='max_length'` to pad to a max length. In this case, you can give a specific length with `max_length` (e.g. `max_length=45`) or leave max_length to None to pad to the maximal input size of the model (e.g. 512 for Bert).
  warnings.warn(

2024-02-12 10:39:24,025:WARNING:/Users/juanviatela/anaconda3/lib/python3.10/site-packages/transformers/tokenization_utils_base.py:2304: FutureWarning: The `pad_to_max_length` argument is deprecated and will be removed in a future version, use `padding=True` or `padding='longest'` to pad to the longest sequence in the batch, or use `padding='max_length'` to pad to a max length. In this case, you can give a specific length with `max_length` (e.g. `max_length=45`) or leave max_length to None to pad to the maximal input size of the model (e.g. 512 for Bert).
  warnings.warn(

2024-02-12 10:39:52,580:WARNING:/Users/juanviatela/anaconda3/lib/python3.10/site-packages/transformers/tokenization_utils_base.py:2304: FutureWarning: The `pad_to_max_length` argument is deprecated and will be removed in a future version, use `padding=True` or `padding='longest'` to pad to the longest sequence in the batch, or use `padding='max_length'` to pad to a max length. In this case, you can give a specific length with `max_length` (e.g. `max_length=45`) or leave max_length to None to pad to the maximal input size of the model (e.g. 512 for Bert).
  warnings.warn(

2024-02-13 19:01:13,346:WARNING:/Users/juanviatela/anaconda3/lib/python3.10/site-packages/transformers/tokenization_utils_base.py:2304: FutureWarning: The `pad_to_max_length` argument is deprecated and will be removed in a future version, use `padding=True` or `padding='longest'` to pad to the longest sequence in the batch, or use `padding='max_length'` to pad to a max length. In this case, you can give a specific length with `max_length` (e.g. `max_length=45`) or leave max_length to None to pad to the maximal input size of the model (e.g. 512 for Bert).
  warnings.warn(

